<?xml version="1.0" encoding="UTF-8"?>
<!-- Generated by org.testng.reporters.JUnitXMLReporter -->
<testsuite ignored="0" hostname="DESKTOP-SC2B5K2" failures="0" tests="4" name="search-qa" time="32.468" errors="0" timestamp="2020-08-18T13:21:32 SAST">
  <testcase classname="com.searchmodule.tests.SearchTest" name="search" time="6.059"/>
  <testcase classname="com.searchmodule.tests.SearchTest" name="search" time="6.017"/>
  <testcase classname="com.searchmodule.tests.SearchTest" name="search" time="7.826"/>
  <testcase classname="com.searchmodule.tests.SearchTest" name="search" time="5.965"/>
</testsuite> <!-- search-qa -->
