<?xml version="1.0" encoding="UTF-8"?>
<!-- Generated by org.testng.reporters.JUnitXMLReporter -->
<testsuite ignored="0" hostname="DESKTOP-SC2B5K2" failures="0" tests="4" name="search-kubernetes" time="33.337" errors="0" timestamp="2020-08-18T12:46:57 SAST">
  <testcase classname="com.searchmodule.tests.SearchTest" name="search" time="7.952"/>
  <testcase classname="com.searchmodule.tests.SearchTest" name="search" time="5.96"/>
  <testcase classname="com.searchmodule.tests.SearchTest" name="search" time="10.44"/>
  <testcase classname="com.searchmodule.tests.SearchTest" name="search" time="6.134"/>
</testsuite> <!-- search-kubernetes -->
