<?xml version="1.0" encoding="UTF-8"?>
<testng-results skipped="0" failed="0" ignored="0" total="1" passed="1">
  <reporter-output>
  </reporter-output>
  <suite name="search-module" duration-ms="89041" started-at="2020-08-24T19:38:32 GMT" finished-at="2020-08-24T19:40:01 GMT">
    <groups>
    </groups>
    <test name="search-kubernetes" duration-ms="89041" started-at="2020-08-24T19:38:32 GMT" finished-at="2020-08-24T19:40:01 GMT">
      <class name="com.searchmodule.tests.SearchTest">
        <test-method status="PASS" signature="setupDriver()[pri:0, instance:com.searchmodule.tests.SearchTest@4b9e13df]" name="setupDriver" is-config="true" duration-ms="64755" started-at="2020-08-24T19:38:32 GMT" finished-at="2020-08-24T19:39:37 GMT">
          <reporter-output>
          </reporter-output>
        </test-method> <!-- setupDriver -->
        <test-method status="PASS" signature="search(java.lang.String)[pri:0, instance:com.searchmodule.tests.SearchTest@4b9e13df]" name="search" duration-ms="21551" started-at="2020-08-24T19:39:37 GMT" finished-at="2020-08-24T19:39:58 GMT">
          <params>
            <param index="0">
              <value>
                <![CDATA[kubernetes]]>
              </value>
            </param>
          </params>
          <reporter-output>
          </reporter-output>
        </test-method> <!-- search -->
        <test-method status="PASS" signature="teardownDriver()[pri:0, instance:com.searchmodule.tests.SearchTest@4b9e13df]" name="teardownDriver" is-config="true" duration-ms="2734" started-at="2020-08-24T19:39:58 GMT" finished-at="2020-08-24T19:40:01 GMT">
          <reporter-output>
          </reporter-output>
        </test-method> <!-- teardownDriver -->
      </class> <!-- com.searchmodule.tests.SearchTest -->
    </test> <!-- search-kubernetes -->
  </suite> <!-- search-module -->
</testng-results>
